[2020-02-28 15:02:52,589] INFO [Controller id=0] Processing automatic preferred replica leader election (kafka.controller.KafkaController)
[2020-02-28 15:02:52,590] TRACE [Controller id=0] Checking need to trigger auto leader balancing (kafka.controller.KafkaController)
[2020-02-28 15:02:52,590] DEBUG [Controller id=0] Preferred replicas by broker Map(0 -> Map(packetmonitor-0 -> Vector(0))) (kafka.controller.KafkaController)
[2020-02-28 15:02:52,591] DEBUG [Controller id=0] Topics not in preferred replica for broker 0 Map() (kafka.controller.KafkaController)
[2020-02-28 15:02:52,591] TRACE [Controller id=0] Leader imbalance ratio for broker 0 is 0.0 (kafka.controller.KafkaController)
[2020-02-28 15:07:52,591] INFO [Controller id=0] Processing automatic preferred replica leader election (kafka.controller.KafkaController)
[2020-02-28 15:07:52,591] TRACE [Controller id=0] Checking need to trigger auto leader balancing (kafka.controller.KafkaController)
[2020-02-28 15:07:52,592] DEBUG [Controller id=0] Preferred replicas by broker Map(0 -> Map(packetmonitor-0 -> Vector(0))) (kafka.controller.KafkaController)
[2020-02-28 15:07:52,592] DEBUG [Controller id=0] Topics not in preferred replica for broker 0 Map() (kafka.controller.KafkaController)
[2020-02-28 15:07:52,592] TRACE [Controller id=0] Leader imbalance ratio for broker 0 is 0.0 (kafka.controller.KafkaController)
[2020-02-28 15:11:54,170] INFO [Controller id=0] Shutting down broker 0 (kafka.controller.KafkaController)
[2020-02-28 15:11:54,170] DEBUG [Controller id=0] All shutting down brokers: 0 (kafka.controller.KafkaController)
[2020-02-28 15:11:54,171] DEBUG [Controller id=0] Live brokers:  (kafka.controller.KafkaController)
[2020-02-28 15:11:54,175] TRACE [Controller id=0] All leaders = packetmonitor-0 -> (Leader:0,ISR:0,LeaderEpoch:0,ControllerEpoch:1) (kafka.controller.KafkaController)
[2020-02-28 15:11:55,283] INFO [ControllerEventThread controllerId=0] Shutting down (kafka.controller.ControllerEventManager$ControllerEventThread)
[2020-02-28 15:11:55,284] INFO [ControllerEventThread controllerId=0] Shutdown completed (kafka.controller.ControllerEventManager$ControllerEventThread)
[2020-02-28 15:11:55,284] INFO [ControllerEventThread controllerId=0] Stopped (kafka.controller.ControllerEventManager$ControllerEventThread)
[2020-02-28 15:11:55,284] DEBUG [Controller id=0] Resigning (kafka.controller.KafkaController)
[2020-02-28 15:11:55,285] DEBUG [Controller id=0] Unregister BrokerModifications handler for Set(0) (kafka.controller.KafkaController)
[2020-02-28 15:11:55,286] INFO [PartitionStateMachine controllerId=0] Stopped partition state machine (kafka.controller.ZkPartitionStateMachine)
[2020-02-28 15:11:55,287] INFO [ReplicaStateMachine controllerId=0] Stopped replica state machine (kafka.controller.ZkReplicaStateMachine)
[2020-02-28 15:11:55,288] INFO [RequestSendThread controllerId=0] Shutting down (kafka.controller.RequestSendThread)
[2020-02-28 15:11:55,288] INFO [RequestSendThread controllerId=0] Stopped (kafka.controller.RequestSendThread)
[2020-02-28 15:11:55,288] INFO [RequestSendThread controllerId=0] Shutdown completed (kafka.controller.RequestSendThread)
[2020-02-28 15:11:55,291] INFO [Controller id=0] Resigned (kafka.controller.KafkaController)
