[2020-02-13T14:46:54.386+0000][gc,heap] Heap region size: 1M
[2020-02-13T14:46:54.401+0000][gc     ] Using G1
[2020-02-13T14:46:54.401+0000][gc,heap,coops] Heap address: 0x00000000c0000000, size: 1024 MB, Compressed Oops mode: 32-bit
[2020-02-13T14:46:55.721+0000][gc,start     ] GC(0) Pause Young (Normal) (G1 Evacuation Pause)
[2020-02-13T14:46:55.724+0000][gc,task      ] GC(0) Using 10 workers of 10 for evacuation
[2020-02-13T14:46:55.729+0000][gc,phases    ] GC(0)   Pre Evacuate Collection Set: 0.0ms
[2020-02-13T14:46:55.729+0000][gc,phases    ] GC(0)   Evacuate Collection Set: 3.9ms
[2020-02-13T14:46:55.729+0000][gc,phases    ] GC(0)   Post Evacuate Collection Set: 1.1ms
[2020-02-13T14:46:55.729+0000][gc,phases    ] GC(0)   Other: 2.9ms
[2020-02-13T14:46:55.729+0000][gc,heap      ] GC(0) Eden regions: 51->0(44)
[2020-02-13T14:46:55.729+0000][gc,heap      ] GC(0) Survivor regions: 0->7(7)
[2020-02-13T14:46:55.729+0000][gc,heap      ] GC(0) Old regions: 0->0
[2020-02-13T14:46:55.729+0000][gc,heap      ] GC(0) Humongous regions: 0->0
[2020-02-13T14:46:55.729+0000][gc,metaspace ] GC(0) Metaspace: 15908K->15908K(1062912K)
[2020-02-13T14:46:55.730+0000][gc           ] GC(0) Pause Young (Normal) (G1 Evacuation Pause) 51M->6M(1024M) 8.178ms
[2020-02-13T14:46:55.730+0000][gc,cpu       ] GC(0) User=0.04s Sys=0.01s Real=0.01s
[2020-02-13T14:46:56.022+0000][gc,start     ] GC(1) Pause Young (Concurrent Start) (Metadata GC Threshold)
[2020-02-13T14:46:56.022+0000][gc,task      ] GC(1) Using 10 workers of 10 for evacuation
[2020-02-13T14:46:56.033+0000][gc,phases    ] GC(1)   Pre Evacuate Collection Set: 0.1ms
[2020-02-13T14:46:56.033+0000][gc,phases    ] GC(1)   Evacuate Collection Set: 10.2ms
[2020-02-13T14:46:56.033+0000][gc,phases    ] GC(1)   Post Evacuate Collection Set: 0.7ms
[2020-02-13T14:46:56.033+0000][gc,phases    ] GC(1)   Other: 0.3ms
[2020-02-13T14:46:56.033+0000][gc,heap      ] GC(1) Eden regions: 18->0(50)
[2020-02-13T14:46:56.033+0000][gc,heap      ] GC(1) Survivor regions: 7->1(7)
[2020-02-13T14:46:56.033+0000][gc,heap      ] GC(1) Old regions: 0->7
[2020-02-13T14:46:56.033+0000][gc,heap      ] GC(1) Humongous regions: 0->0
[2020-02-13T14:46:56.033+0000][gc,metaspace ] GC(1) Metaspace: 20314K->20314K(1067008K)
[2020-02-13T14:46:56.033+0000][gc           ] GC(1) Pause Young (Concurrent Start) (Metadata GC Threshold) 24M->7M(1024M) 11.411ms
[2020-02-13T14:46:56.033+0000][gc,cpu       ] GC(1) User=0.03s Sys=0.01s Real=0.01s
[2020-02-13T14:46:56.034+0000][gc           ] GC(2) Concurrent Cycle
[2020-02-13T14:46:56.034+0000][gc,marking   ] GC(2) Concurrent Clear Claimed Marks
[2020-02-13T14:46:56.034+0000][gc,marking   ] GC(2) Concurrent Clear Claimed Marks 0.048ms
[2020-02-13T14:46:56.034+0000][gc,marking   ] GC(2) Concurrent Scan Root Regions
[2020-02-13T14:46:56.035+0000][gc,marking   ] GC(2) Concurrent Scan Root Regions 1.099ms
[2020-02-13T14:46:56.035+0000][gc,marking   ] GC(2) Concurrent Mark (1.654s)
[2020-02-13T14:46:56.035+0000][gc,marking   ] GC(2) Concurrent Mark From Roots
[2020-02-13T14:46:56.035+0000][gc,task      ] GC(2) Using 3 workers of 3 for marking
[2020-02-13T14:46:56.042+0000][gc,marking   ] GC(2) Concurrent Mark From Roots 6.683ms
[2020-02-13T14:46:56.042+0000][gc,marking   ] GC(2) Concurrent Preclean
[2020-02-13T14:46:56.042+0000][gc,marking   ] GC(2) Concurrent Preclean 0.241ms
[2020-02-13T14:46:56.042+0000][gc,marking   ] GC(2) Concurrent Mark (1.654s, 1.661s) 6.991ms
[2020-02-13T14:46:56.043+0000][gc,start     ] GC(2) Pause Remark
[2020-02-13T14:46:56.044+0000][gc,stringtable] GC(2) Cleaned string and symbol table, strings: 9033 processed, 0 removed, symbols: 49978 processed, 54 removed
[2020-02-13T14:46:56.044+0000][gc            ] GC(2) Pause Remark 8M->8M(1024M) 1.778ms
[2020-02-13T14:46:56.044+0000][gc,cpu        ] GC(2) User=0.01s Sys=0.00s Real=0.01s
[2020-02-13T14:46:56.044+0000][gc,marking    ] GC(2) Concurrent Rebuild Remembered Sets
[2020-02-13T14:46:56.048+0000][gc,marking    ] GC(2) Concurrent Rebuild Remembered Sets 3.490ms
[2020-02-13T14:46:56.048+0000][gc,start      ] GC(2) Pause Cleanup
[2020-02-13T14:46:56.049+0000][gc            ] GC(2) Pause Cleanup 8M->8M(1024M) 0.341ms
[2020-02-13T14:46:56.049+0000][gc,cpu        ] GC(2) User=0.00s Sys=0.00s Real=0.00s
[2020-02-13T14:46:56.049+0000][gc,marking    ] GC(2) Concurrent Cleanup for Next Mark
[2020-02-13T14:46:56.054+0000][gc,marking    ] GC(2) Concurrent Cleanup for Next Mark 4.963ms
[2020-02-13T14:46:56.054+0000][gc            ] GC(2) Concurrent Cycle 20.087ms
[2020-02-13T14:46:57.031+0000][gc,start      ] GC(3) Pause Young (Normal) (G1 Evacuation Pause)
[2020-02-13T14:46:57.031+0000][gc,task       ] GC(3) Using 10 workers of 10 for evacuation
[2020-02-13T14:46:57.035+0000][gc,phases     ] GC(3)   Pre Evacuate Collection Set: 0.0ms
[2020-02-13T14:46:57.036+0000][gc,phases     ] GC(3)   Evacuate Collection Set: 3.6ms
[2020-02-13T14:46:57.036+0000][gc,phases     ] GC(3)   Post Evacuate Collection Set: 0.6ms
[2020-02-13T14:46:57.036+0000][gc,phases     ] GC(3)   Other: 0.2ms
[2020-02-13T14:46:57.036+0000][gc,heap       ] GC(3) Eden regions: 50->0(46)
[2020-02-13T14:46:57.036+0000][gc,heap       ] GC(3) Survivor regions: 1->5(7)
[2020-02-13T14:46:57.036+0000][gc,heap       ] GC(3) Old regions: 7->7
[2020-02-13T14:46:57.036+0000][gc,heap       ] GC(3) Humongous regions: 129->129
[2020-02-13T14:46:57.036+0000][gc,metaspace  ] GC(3) Metaspace: 28725K->28725K(1075200K)
[2020-02-13T14:46:57.036+0000][gc            ] GC(3) Pause Young (Normal) (G1 Evacuation Pause) 186M->140M(1024M) 4.567ms
[2020-02-13T14:46:57.036+0000][gc,cpu        ] GC(3) User=0.02s Sys=0.00s Real=0.01s
[2020-02-13T14:46:57.586+0000][gc,start      ] GC(4) Pause Young (Concurrent Start) (Metadata GC Threshold)
[2020-02-13T14:46:57.586+0000][gc,task       ] GC(4) Using 10 workers of 10 for evacuation
[2020-02-13T14:46:57.594+0000][gc,phases     ] GC(4)   Pre Evacuate Collection Set: 0.1ms
[2020-02-13T14:46:57.594+0000][gc,phases     ] GC(4)   Evacuate Collection Set: 6.3ms
[2020-02-13T14:46:57.594+0000][gc,phases     ] GC(4)   Post Evacuate Collection Set: 0.7ms
[2020-02-13T14:46:57.594+0000][gc,phases     ] GC(4)   Other: 0.4ms
[2020-02-13T14:46:57.594+0000][gc,heap       ] GC(4) Eden regions: 29->0(48)
[2020-02-13T14:46:57.594+0000][gc,heap       ] GC(4) Survivor regions: 5->3(7)
[2020-02-13T14:46:57.594+0000][gc,heap       ] GC(4) Old regions: 7->12
[2020-02-13T14:46:57.594+0000][gc,heap       ] GC(4) Humongous regions: 129->129
[2020-02-13T14:46:57.594+0000][gc,metaspace  ] GC(4) Metaspace: 33985K->33985K(1079296K)
[2020-02-13T14:46:57.594+0000][gc            ] GC(4) Pause Young (Concurrent Start) (Metadata GC Threshold) 168M->142M(1024M) 7.787ms
[2020-02-13T14:46:57.594+0000][gc,cpu        ] GC(4) User=0.04s Sys=0.01s Real=0.01s
[2020-02-13T14:46:57.594+0000][gc            ] GC(5) Concurrent Cycle
[2020-02-13T14:46:57.594+0000][gc,marking    ] GC(5) Concurrent Clear Claimed Marks
[2020-02-13T14:46:57.594+0000][gc,marking    ] GC(5) Concurrent Clear Claimed Marks 0.091ms
[2020-02-13T14:46:57.594+0000][gc,marking    ] GC(5) Concurrent Scan Root Regions
[2020-02-13T14:46:57.595+0000][gc,marking    ] GC(5) Concurrent Scan Root Regions 1.069ms
[2020-02-13T14:46:57.595+0000][gc,marking    ] GC(5) Concurrent Mark (3.215s)
[2020-02-13T14:46:57.595+0000][gc,marking    ] GC(5) Concurrent Mark From Roots
[2020-02-13T14:46:57.595+0000][gc,task       ] GC(5) Using 3 workers of 3 for marking
[2020-02-13T14:46:57.609+0000][gc,marking    ] GC(5) Concurrent Mark From Roots 13.749ms
[2020-02-13T14:46:57.609+0000][gc,marking    ] GC(5) Concurrent Preclean
[2020-02-13T14:46:57.610+0000][gc,marking    ] GC(5) Concurrent Preclean 0.356ms
[2020-02-13T14:46:57.610+0000][gc,marking    ] GC(5) Concurrent Mark (3.215s, 3.229s) 14.190ms
[2020-02-13T14:46:57.610+0000][gc,start      ] GC(5) Pause Remark
[2020-02-13T14:46:57.612+0000][gc,stringtable] GC(5) Cleaned string and symbol table, strings: 15456 processed, 9 removed, symbols: 78365 processed, 30 removed
[2020-02-13T14:46:57.612+0000][gc            ] GC(5) Pause Remark 143M->143M(1024M) 2.333ms
[2020-02-13T14:46:57.612+0000][gc,cpu        ] GC(5) User=0.02s Sys=0.00s Real=0.00s
[2020-02-13T14:46:57.612+0000][gc,marking    ] GC(5) Concurrent Rebuild Remembered Sets
[2020-02-13T14:46:57.618+0000][gc,marking    ] GC(5) Concurrent Rebuild Remembered Sets 5.412ms
[2020-02-13T14:46:57.618+0000][gc,start      ] GC(5) Pause Cleanup
[2020-02-13T14:46:57.618+0000][gc            ] GC(5) Pause Cleanup 143M->143M(1024M) 0.327ms
[2020-02-13T14:46:57.618+0000][gc,cpu        ] GC(5) User=0.00s Sys=0.00s Real=0.00s
[2020-02-13T14:46:57.618+0000][gc,marking    ] GC(5) Concurrent Cleanup for Next Mark
[2020-02-13T14:46:57.623+0000][gc,marking    ] GC(5) Concurrent Cleanup for Next Mark 4.173ms
[2020-02-13T14:46:57.623+0000][gc            ] GC(5) Concurrent Cycle 28.360ms
[2020-02-13T14:58:52.460+0000][gc,start      ] GC(6) Pause Young (Normal) (G1 Evacuation Pause)
[2020-02-13T14:58:52.460+0000][gc,task       ] GC(6) Using 10 workers of 10 for evacuation
[2020-02-13T14:58:52.465+0000][gc,phases     ] GC(6)   Pre Evacuate Collection Set: 0.0ms
[2020-02-13T14:58:52.465+0000][gc,phases     ] GC(6)   Evacuate Collection Set: 3.8ms
[2020-02-13T14:58:52.465+0000][gc,phases     ] GC(6)   Post Evacuate Collection Set: 0.9ms
[2020-02-13T14:58:52.465+0000][gc,phases     ] GC(6)   Other: 0.4ms
[2020-02-13T14:58:52.465+0000][gc,heap       ] GC(6) Eden regions: 48->0(48)
[2020-02-13T14:58:52.465+0000][gc,heap       ] GC(6) Survivor regions: 3->3(7)
[2020-02-13T14:58:52.465+0000][gc,heap       ] GC(6) Old regions: 12->12
[2020-02-13T14:58:52.465+0000][gc,heap       ] GC(6) Humongous regions: 159->129
[2020-02-13T14:58:52.465+0000][gc,metaspace  ] GC(6) Metaspace: 36162K->36162K(1081344K)
[2020-02-13T14:58:52.465+0000][gc            ] GC(6) Pause Young (Normal) (G1 Evacuation Pause) 220M->142M(1024M) 5.432ms
[2020-02-13T14:58:52.465+0000][gc,cpu        ] GC(6) User=0.04s Sys=0.00s Real=0.01s
[2020-02-13T15:11:22.586+0000][gc,start      ] GC(7) Pause Young (Normal) (G1 Evacuation Pause)
[2020-02-13T15:11:22.586+0000][gc,task       ] GC(7) Using 10 workers of 10 for evacuation
[2020-02-13T15:11:22.593+0000][gc,phases     ] GC(7)   Pre Evacuate Collection Set: 0.0ms
[2020-02-13T15:11:22.593+0000][gc,phases     ] GC(7)   Evacuate Collection Set: 4.7ms
[2020-02-13T15:11:22.593+0000][gc,phases     ] GC(7)   Post Evacuate Collection Set: 1.1ms
[2020-02-13T15:11:22.593+0000][gc,phases     ] GC(7)   Other: 0.4ms
[2020-02-13T15:11:22.593+0000][gc,heap       ] GC(7) Eden regions: 48->0(48)
[2020-02-13T15:11:22.593+0000][gc,heap       ] GC(7) Survivor regions: 3->3(7)
[2020-02-13T15:11:22.593+0000][gc,heap       ] GC(7) Old regions: 12->12
[2020-02-13T15:11:22.593+0000][gc,heap       ] GC(7) Humongous regions: 129->129
[2020-02-13T15:11:22.593+0000][gc,metaspace  ] GC(7) Metaspace: 38528K->38528K(1083392K)
[2020-02-13T15:11:22.593+0000][gc            ] GC(7) Pause Young (Normal) (G1 Evacuation Pause) 190M->143M(1024M) 6.483ms
[2020-02-13T15:11:22.593+0000][gc,cpu        ] GC(7) User=0.04s Sys=0.00s Real=0.00s
[2020-02-13T15:28:27.587+0000][gc,start      ] GC(8) Pause Young (Normal) (G1 Evacuation Pause)
[2020-02-13T15:28:27.587+0000][gc,task       ] GC(8) Using 10 workers of 10 for evacuation
[2020-02-13T15:28:27.593+0000][gc,phases     ] GC(8)   Pre Evacuate Collection Set: 0.0ms
[2020-02-13T15:28:27.593+0000][gc,phases     ] GC(8)   Evacuate Collection Set: 4.4ms
[2020-02-13T15:28:27.593+0000][gc,phases     ] GC(8)   Post Evacuate Collection Set: 1.2ms
[2020-02-13T15:28:27.593+0000][gc,phases     ] GC(8)   Other: 0.4ms
[2020-02-13T15:28:27.593+0000][gc,heap       ] GC(8) Eden regions: 48->0(48)
[2020-02-13T15:28:27.593+0000][gc,heap       ] GC(8) Survivor regions: 3->3(7)
[2020-02-13T15:28:27.593+0000][gc,heap       ] GC(8) Old regions: 12->12
[2020-02-13T15:28:27.593+0000][gc,heap       ] GC(8) Humongous regions: 129->129
[2020-02-13T15:28:27.593+0000][gc,metaspace  ] GC(8) Metaspace: 38579K->38579K(1083392K)
[2020-02-13T15:28:27.593+0000][gc            ] GC(8) Pause Young (Normal) (G1 Evacuation Pause) 191M->143M(1024M) 6.242ms
[2020-02-13T15:28:27.593+0000][gc,cpu        ] GC(8) User=0.04s Sys=0.00s Real=0.00s
[2020-02-13T15:46:02.587+0000][gc,start      ] GC(9) Pause Young (Normal) (G1 Evacuation Pause)
[2020-02-13T15:46:02.587+0000][gc,task       ] GC(9) Using 10 workers of 10 for evacuation
[2020-02-13T15:46:02.592+0000][gc,phases     ] GC(9)   Pre Evacuate Collection Set: 0.0ms
[2020-02-13T15:46:02.593+0000][gc,phases     ] GC(9)   Evacuate Collection Set: 4.0ms
[2020-02-13T15:46:02.593+0000][gc,phases     ] GC(9)   Post Evacuate Collection Set: 1.3ms
[2020-02-13T15:46:02.593+0000][gc,phases     ] GC(9)   Other: 0.4ms
[2020-02-13T15:46:02.593+0000][gc,heap       ] GC(9) Eden regions: 48->0(48)
[2020-02-13T15:46:02.593+0000][gc,heap       ] GC(9) Survivor regions: 3->4(7)
[2020-02-13T15:46:02.593+0000][gc,heap       ] GC(9) Old regions: 12->12
[2020-02-13T15:46:02.593+0000][gc,heap       ] GC(9) Humongous regions: 129->129
[2020-02-13T15:46:02.593+0000][gc,metaspace  ] GC(9) Metaspace: 38634K->38634K(1083392K)
[2020-02-13T15:46:02.593+0000][gc            ] GC(9) Pause Young (Normal) (G1 Evacuation Pause) 191M->143M(1024M) 6.033ms
[2020-02-13T15:46:02.593+0000][gc,cpu        ] GC(9) User=0.04s Sys=0.01s Real=0.00s
[2020-02-13T16:03:51.883+0000][gc,start      ] GC(10) Pause Young (Normal) (G1 Evacuation Pause)
[2020-02-13T16:03:51.883+0000][gc,task       ] GC(10) Using 10 workers of 10 for evacuation
[2020-02-13T16:03:51.888+0000][gc,phases     ] GC(10)   Pre Evacuate Collection Set: 0.0ms
[2020-02-13T16:03:51.888+0000][gc,phases     ] GC(10)   Evacuate Collection Set: 4.1ms
[2020-02-13T16:03:51.888+0000][gc,phases     ] GC(10)   Post Evacuate Collection Set: 1.2ms
[2020-02-13T16:03:51.888+0000][gc,phases     ] GC(10)   Other: 0.4ms
[2020-02-13T16:03:51.888+0000][gc,heap       ] GC(10) Eden regions: 48->0(53)
[2020-02-13T16:03:51.888+0000][gc,heap       ] GC(10) Survivor regions: 4->4(7)
[2020-02-13T16:03:51.888+0000][gc,heap       ] GC(10) Old regions: 12->12
[2020-02-13T16:03:51.888+0000][gc,heap       ] GC(10) Humongous regions: 129->129
[2020-02-13T16:03:51.888+0000][gc,metaspace  ] GC(10) Metaspace: 38690K->38690K(1083392K)
[2020-02-13T16:03:51.889+0000][gc            ] GC(10) Pause Young (Normal) (G1 Evacuation Pause) 191M->143M(1024M) 5.950ms
[2020-02-13T16:03:51.889+0000][gc,cpu        ] GC(10) User=0.04s Sys=0.00s Real=0.01s
[2020-02-13T16:17:26.454+0000][gc,start      ] GC(11) Pause Young (Normal) (G1 Evacuation Pause)
[2020-02-13T16:17:26.454+0000][gc,task       ] GC(11) Using 10 workers of 10 for evacuation
[2020-02-13T16:17:26.461+0000][gc,phases     ] GC(11)   Pre Evacuate Collection Set: 0.0ms
[2020-02-13T16:17:26.461+0000][gc,phases     ] GC(11)   Evacuate Collection Set: 5.5ms
[2020-02-13T16:17:26.461+0000][gc,phases     ] GC(11)   Post Evacuate Collection Set: 1.3ms
[2020-02-13T16:17:26.461+0000][gc,phases     ] GC(11)   Other: 0.4ms
[2020-02-13T16:17:26.461+0000][gc,heap       ] GC(11) Eden regions: 53->0(405)
[2020-02-13T16:17:26.461+0000][gc,heap       ] GC(11) Survivor regions: 4->5(8)
[2020-02-13T16:17:26.461+0000][gc,heap       ] GC(11) Old regions: 12->12
[2020-02-13T16:17:26.461+0000][gc,heap       ] GC(11) Humongous regions: 129->129
[2020-02-13T16:17:26.461+0000][gc,metaspace  ] GC(11) Metaspace: 39485K->39485K(1085440K)
[2020-02-13T16:17:26.461+0000][gc            ] GC(11) Pause Young (Normal) (G1 Evacuation Pause) 196M->144M(1024M) 7.523ms
[2020-02-13T16:17:26.461+0000][gc,cpu        ] GC(11) User=0.06s Sys=0.01s Real=0.01s
